#
# There is insufficient memory for the Java Runtime Environment to continue.
# Native memory allocation (malloc) failed to allocate 32744 bytes for ChunkPool::allocate
# Possible reasons:
#   The system is out of physical RAM or swap space
#   The process is running with CompressedOops enabled, and the Java Heap may be blocking the growth of the native heap
# Possible solutions:
#   Reduce memory load on the system
#   Increase physical memory or swap space
#   Check if swap backing store is full
#   Decrease Java heap size (-Xmx/-Xms)
#   Decrease number of Java threads
#   Decrease Java thread stack sizes (-Xss)
#   Set larger code cache with -XX:ReservedCodeCacheSize=
#   JVM is running with Unscaled Compressed Oops mode in which the Java heap is
#     placed in the first 4GB address space. The Java Heap base address is the
#     maximum limit for the native heap growth. Please use -XX:HeapBaseMinAddress
#     to set the Java Heap base and to place the Java Heap above 4GB virtual address.
# This output file may be truncated or incomplete.
#
#  Out of Memory Error (allocation.cpp:272), pid=15792, tid=0x00000000000037e0
#
# JRE version: OpenJDK Runtime Environment (8.0_202-b03) (build 1.8.0_202-release-1483-b03)
# Java VM: OpenJDK 64-Bit Server VM (25.202-b03 mixed mode windows-amd64 compressed oops)
# Failed to write core dump. Minidumps are not enabled by default on client versions of Windows
#

---------------  T H R E A D  ---------------

Current thread (0x000000001fa63000):  JavaThread "WorkerExecutor Queue Thread 4" [_thread_in_vm, id=14304, stack(0x0000000027a30000,0x0000000027b30000)]

Stack: [0x0000000027a30000,0x0000000027b30000]
[error occurred during error reporting (printing stack bounds), id 0xc0000005]

Native frames: (J=compiled Java code, j=interpreted, Vv=VM code, C=native code)

Java frames: (J=compiled Java code, j=interpreted, Vv=VM code)
j  com.android.tools.r8.ir.regalloc.LinearScanRegisterAllocator.a(Lcom/android/tools/r8/ir/regalloc/LinearScanRegisterAllocator$a;Z)Lcom/android/tools/r8/ir/regalloc/LinearScanRegisterAllocator$a;+2594
j  com.android.tools.r8.ir.regalloc.LinearScanRegisterAllocator.allocateRegisters()V+1109
j  com.android.tools.r8.ir.conversion.IRConverter.c(Lcom/android/tools/r8/ir/code/IRCode;Lcom/android/tools/r8/graph/DexEncodedMethod;)Lcom/android/tools/r8/ir/regalloc/RegisterAllocator;+33
j  com.android.tools.r8.ir.conversion.IRConverter.a(Lcom/android/tools/r8/graph/DexEncodedMethod;Lcom/android/tools/r8/ir/code/IRCode;Lcom/android/tools/r8/ir/conversion/a0;)V+124
j  com.android.tools.r8.ir.conversion.IRConverter.b(Lcom/android/tools/r8/graph/DexEncodedMethod;Lcom/android/tools/r8/ir/conversion/a0;Ljava/util/function/Predicate;Lcom/android/tools/r8/ir/conversion/g;Ljava/util/function/BiConsumer;)V+2833
j  com.android.tools.r8.ir.conversion.IRConverter.b(Lcom/android/tools/r8/graph/DexEncodedMethod;)V+84
j  com.android.tools.r8.ir.conversion.IRConverter.b(Lcom/android/tools/r8/graph/DexProgramClass;)V+62
j  com.android.tools.r8.ir.conversion.IRConverter.d(Lcom/android/tools/r8/graph/DexProgramClass;)V+2
j  com.android.tools.r8.ir.conversion.IRConverter$$Lambda$762.run()V+8
J 10263 C1 java.util.concurrent.Executors$RunnableAdapter.call()Ljava/lang/Object; (14 bytes) @ 0x000000000325380c [0x0000000003253700+0x10c]
j  com.google.common.util.concurrent.TrustedListenableFutureTask$TrustedFutureInterruptibleTask.runInterruptibly()Ljava/lang/Object;+4
j  com.google.common.util.concurrent.InterruptibleTask.run()V+37
j  com.google.common.util.concurrent.TrustedListenableFutureTask.run()V+10
j  com.google.common.util.concurrent.MoreExecutors$DirectExecutorService.execute(Ljava/lang/Runnable;)V+5
j  java.util.concurrent.AbstractExecutorService.submit(Ljava/lang/Runnable;)Ljava/util/concurrent/Future;+21
j  com.google.common.util.concurrent.AbstractListeningExecutorService.submit(Ljava/lang/Runnable;)Lcom/google/common/util/concurrent/ListenableFuture;+2
j  com.google.common.util.concurrent.AbstractListeningExecutorService.submit(Ljava/lang/Runnable;)Ljava/util/concurrent/Future;+2
j  com.android.tools.r8.ir.conversion.IRConverter.a(Ljava/lang/Iterable;Ljava/util/concurrent/ExecutorService;)V+41
j  com.android.tools.r8.ir.conversion.IRConverter.a(Lcom/android/tools/r8/graph/DexApplication;Ljava/util/concurrent/ExecutorService;)Lcom/android/tools/r8/graph/DexApplication;+36
j  com.android.tools.r8.D8.a(Lcom/android/tools/r8/graph/DexApplication;Lcom/android/tools/r8/graph/AppInfo;Lcom/android/tools/r8/utils/InternalOptions;Lcom/android/tools/r8/utils/Timing;Ljava/util/concurrent/ExecutorService;)Lcom/android/tools/r8/graph/DexApplication;+48
j  com.android.tools.r8.D8.d(Lcom/android/tools/r8/utils/AndroidApp;Lcom/android/tools/r8/utils/InternalOptions;Ljava/util/concurrent/ExecutorService;)V+48
j  com.android.tools.r8.D8.b(Lcom/android/tools/r8/utils/AndroidApp;Lcom/android/tools/r8/utils/InternalOptions;Ljava/util/concurrent/ExecutorService;)V+3
j  com.android.tools.r8.D8$$Lambda$720.run()V+12
j  com.android.tools.r8.utils.t.a(Lcom/android/tools/r8/utils/Reporter;Lcom/android/tools/r8/utils/t$a;)V+2
j  com.android.tools.r8.D8.run(Lcom/android/tools/r8/D8Command;Ljava/util/concurrent/ExecutorService;)V+22
j  com.android.builder.dexing.D8DexArchiveBuilder.convert(Ljava/util/stream/Stream;Ljava/nio/file/Path;Z)V+152
j  com.android.build.gradle.internal.transforms.DexArchiveBuilderTransform.launchProcessing(Lcom/android/build/gradle/internal/transforms/DexArchiveBuilderTransform$DexConversionParameters;Ljava/io/OutputStream;Ljava/io/OutputStream;Lcom/android/ide/common/blame/MessageReceiver;)V+230
j  com.android.build.gradle.internal.transforms.DexArchiveBuilderTransform.access$600(Lcom/android/build/gradle/internal/transforms/DexArchiveBuilderTransform$DexConversionParameters;Ljava/io/OutputStream;Ljava/io/OutputStream;Lcom/android/ide/common/blame/MessageReceiver;)V+4
j  com.android.build.gradle.internal.transforms.DexArchiveBuilderTransform$DexConversionWorkAction.run()V+29
j  org.gradle.workers.internal.DefaultWorkerServer.execute(Lorg/gradle/workers/internal/ActionExecutionSpec;)Lorg/gradle/workers/internal/DefaultWorkResult;+39
j  org.gradle.workers.internal.NoIsolationWorkerFactory$1$1.execute(Lorg/gradle/workers/internal/ActionExecutionSpec;)Lorg/gradle/workers/internal/DefaultWorkResult;+20
j  org.gradle.workers.internal.AbstractWorker$1.call(Lorg/gradle/internal/operations/BuildOperationContext;)Lorg/gradle/workers/internal/DefaultWorkResult;+8
j  org.gradle.workers.internal.AbstractWorker$1.call(Lorg/gradle/internal/operations/BuildOperationContext;)Ljava/lang/Object;+2
J 10552 C2 org.gradle.internal.operations.DefaultBuildOperationExecutor$1.execute(Lorg/gradle/internal/operations/BuildOperationDescriptor;Lorg/gradle/internal/operations/DefaultBuildOperationExecutor$DefaultBuildOperationContext;Lorg/gradle/internal/operations/DefaultBuildOperationExecutor$BuildOperationExecutionListener;)Lorg/gradle/internal/operations/BuildOperation; (82 bytes) @ 0x00000000041d0538 [0x00000000041d0480+0xb8]
J 13361 C1 org.gradle.internal.operations.DefaultBuildOperationExecutor.execute(Lorg/gradle/internal/operations/BuildOperationDescriptor$Builder;Lorg/gradle/internal/operations/DefaultBuildOperationExecutor$BuildOperationState;Lorg/gradle/internal/operations/DefaultBuildOperationExecutor$BuildOperationExecution;)Lorg/gradle/internal/operations/BuildOperation; (111 bytes) @ 0x000000000425b5ac [0x000000000425a680+0xf2c]
J 13775 C1 org.gradle.internal.operations.DefaultBuildOperationExecutor.execute(Lorg/gradle/internal/operations/BuildOperation;Lorg/gradle/internal/operations/BuildOperationWorker;Lorg/gradle/internal/operations/DefaultBuildOperationExecutor$BuildOperationState;)V (27 bytes) @ 0x00000000049fcc8c [0x00000000049fca20+0x26c]
J 13559 C2 org.gradle.internal.operations.DelegatingBuildOperationExecutor.call(Lorg/gradle/internal/operations/CallableBuildOperation;)Ljava/lang/Object; (11 bytes) @ 0x0000000004971db8 [0x0000000004971d20+0x98]
j  org.gradle.workers.internal.AbstractWorker.executeWrappedInBuildOperation(Lorg/gradle/workers/internal/ActionExecutionSpec;Lorg/gradle/internal/operations/BuildOperationRef;Lorg/gradle/workers/internal/AbstractWorker$Work;)Lorg/gradle/workers/internal/DefaultWorkResult;+15
j  org.gradle.workers.internal.NoIsolationWorkerFactory$1.execute(Lorg/gradle/workers/internal/ActionExecutionSpec;Lorg/gradle/internal/operations/BuildOperationRef;)Lorg/gradle/workers/internal/DefaultWorkResult;+11
j  org.gradle.workers.internal.DefaultWorkerExecutor$1.call()Lorg/gradle/workers/internal/DefaultWorkResult;+32
j  org.gradle.workers.internal.DefaultWorkerExecutor$1.call()Ljava/lang/Object;+1
J 6433 C1 java.util.concurrent.FutureTask.run()V (126 bytes) @ 0x0000000002ad0bc4 [0x0000000002ad0980+0x244]
j  org.gradle.internal.work.DefaultConditionalExecutionQueue$ExecutionRunner.runExecution(Lorg/gradle/internal/work/ConditionalExecution;)V+6
j  org.gradle.internal.work.DefaultConditionalExecutionQueue$ExecutionRunner.runBatch(Lorg/gradle/internal/work/ConditionalExecution;)V+8
j  org.gradle.internal.work.DefaultConditionalExecutionQueue$ExecutionRunner.run()V+11
J 10263 C1 java.util.concurrent.Executors$RunnableAdapter.call()Ljava/lang/Object; (14 bytes) @ 0x000000000325380c [0x0000000003253700+0x10c]
J 6433 C1 java.util.concurrent.FutureTask.run()V (126 bytes) @ 0x0000000002ad0bc4 [0x0000000002ad0980+0x244]
J 8548 C1 org.gradle.internal.concurrent.ManagedExecutorImpl$1.run()V (59 bytes) @ 0x000000000292602c [0x0000000002925b20+0x50c]
J 11957 C1 java.util.concurrent.ThreadPoolExecutor.runWorker(Ljava/util/concurrent/ThreadPoolExecutor$Worker;)V (225 bytes) @ 0x00000000045849ac [0x00000000045839a0+0x100c]
j  java.util.concurrent.ThreadPoolExecutor$Worker.run()V+5
j  org.gradle.internal.concurrent.ThreadFactoryImpl$ManagedThreadRunnable.run()V+7
J 12376 C1 java.lang.Thread.run()V (17 bytes) @ 0x00000000047354fc [0x00000000047353c0+0x13c]
v  ~StubRoutines::call_stub

---------------  P R O C E S S  ---------------

Java Threads: ( => current thread )
  0x000000001e91b000 JavaThread "WorkerExecutor Queue Thread 5" [_thread_blocked, id=13292, stack(0x0000000027b30000,0x0000000027c30000)]
=>0x000000001fa63000 JavaThread "WorkerExecutor Queue Thread 4" [_thread_in_vm, id=14304, stack(0x0000000027a30000,0x0000000027b30000)]
  0x000000001fa62800 JavaThread "WorkerExecutor Queue Thread 3" [_thread_blocked, id=13932, stack(0x00000000278e0000,0x00000000279e0000)]
  0x000000001fa61800 JavaThread "Exec process Thread 15" [_thread_blocked, id=14436, stack(0x00000000277e0000,0x00000000278e0000)]
  0x000000001fa61000 JavaThread "Exec process Thread 14" [_thread_blocked, id=17156, stack(0x0000000027690000,0x0000000027790000)]
  0x000000001fa60000 JavaThread "Exec process Thread 13" [_thread_blocked, id=15784, stack(0x00000000262e0000,0x00000000263e0000)]
  0x00000000185d3800 JavaThread "stdout" [_thread_in_native, id=17328, stack(0x0000000026900000,0x0000000026a00000)]
  0x00000000185d3000 JavaThread "stderr" [_thread_in_native, id=9056, stack(0x00000000271d0000,0x00000000272d0000)]
  0x00000000185d2000 JavaThread "pool-17-thread-1" [_thread_blocked, id=12644, stack(0x00000000270c0000,0x00000000271c0000)]
  0x00000000185d1000 JavaThread "WorkerExecutor Queue Thread 2" [_thread_blocked, id=8964, stack(0x0000000026f50000,0x0000000027050000)]
  0x00000000185d0800 JavaThread "WorkerExecutor Queue" [_thread_blocked, id=14764, stack(0x0000000026e30000,0x0000000026f30000)]
  0x00000000185cf800 JavaThread "Cache worker for execution history cache (C:\Users\nirme\StudioProjects\BubbleGame\.gradle\5.4.1\executionHistory)" [_thread_blocked, id=5952, stack(0x0000000026a90000,0x0000000026b90000)]
  0x00000000185cf000 JavaThread "Execution worker for ':' Thread 7" [_thread_blocked, id=1528, stack(0x00000000267d0000,0x00000000268d0000)]
  0x00000000185ce000 JavaThread "Execution worker for ':' Thread 6" [_thread_blocked, id=9052, stack(0x0000000026530000,0x0000000026630000)]
  0x00000000185cd800 JavaThread "Execution worker for ':' Thread 5" [_thread_blocked, id=14692, stack(0x0000000026670000,0x0000000026770000)]
  0x000000001a2ff800 JavaThread "Execution worker for ':' Thread 4" [_thread_blocked, id=11616, stack(0x00000000263e0000,0x00000000264e0000)]
  0x000000001e3cb000 JavaThread "Execution worker for ':' Thread 3" [_thread_blocked, id=3900, stack(0x0000000025d20000,0x0000000025e20000)]
  0x000000001e3c9800 JavaThread "Execution worker for ':' Thread 2" [_thread_blocked, id=15104, stack(0x00000000261d0000,0x00000000262d0000)]
  0x000000001e3cc800 JavaThread "Execution worker for ':'" [_thread_blocked, id=13896, stack(0x0000000024c10000,0x0000000024d10000)]
  0x000000001e3cc000 JavaThread "Cache worker for file content cache (C:\Users\nirme\StudioProjects\BubbleGame\.gradle\5.4.1\fileContent)" [_thread_blocked, id=16936, stack(0x00000000212f0000,0x00000000213f0000)]
  0x0000000019dcc000 JavaThread "Cache worker for Build Output Cleanup Cache (C:\Users\nirme\StudioProjects\BubbleGame\.gradle\buildOutputCleanup)" [_thread_blocked, id=14868, stack(0x0000000024750000,0x0000000024850000)]
  0x0000000019dc8800 JavaThread "pool-16-thread-1" [_thread_blocked, id=16088, stack(0x0000000021c20000,0x0000000021d20000)]
  0x0000000019dc7000 JavaThread "Build operations Thread 8" [_thread_blocked, id=5080, stack(0x00000000245a0000,0x00000000246a0000)]
  0x0000000019dcb800 JavaThread "Build operations Thread 7" [_thread_blocked, id=13340, stack(0x0000000023e70000,0x0000000023f70000)]
  0x0000000019dcd800 JavaThread "Build operations Thread 6" [_thread_blocked, id=9576, stack(0x00000000243f0000,0x00000000244f0000)]
  0x0000000019dc5800 JavaThread "Build operations Thread 5" [_thread_blocked, id=14780, stack(0x000000001acb0000,0x000000001adb0000)]
  0x0000000019dc6000 JavaThread "Build operations Thread 4" [_thread_blocked, id=6432, stack(0x00000000218c0000,0x00000000219c0000)]
  0x0000000019dc9000 JavaThread "Build operations Thread 3" [_thread_blocked, id=15112, stack(0x00000000201d0000,0x00000000202d0000)]
  0x0000000019dca800 JavaThread "Build operations Thread 2" [_thread_blocked, id=1932, stack(0x00000000211c0000,0x00000000212c0000)]
  0x0000000019dcd000 JavaThread "Build operations" [_thread_blocked, id=14176, stack(0x0000000020fd0000,0x00000000210d0000)]
  0x0000000019dca000 JavaThread "Cache worker for cache directory md-rule (C:\Users\nirme\.gradle\caches\5.4.1\md-rule)" [_thread_blocked, id=16216, stack(0x0000000019b20000,0x0000000019c20000)]
  0x0000000019dc1800 JavaThread "Cache worker for cache directory md-supplier (C:\Users\nirme\.gradle\caches\5.4.1\md-supplier)" [_thread_blocked, id=10640, stack(0x0000000020b20000,0x0000000020c20000)]
  0x000000001b4ab000 JavaThread "Cache worker for file hash cache (C:\Users\nirme\StudioProjects\BubbleGame\.gradle\5.4.1\fileHashes)" [_thread_blocked, id=10972, stack(0x00000000195f0000,0x00000000196f0000)]
  0x000000001b4a8000 JavaThread "Thread-332" [_thread_blocked, id=2656, stack(0x0000000020a10000,0x0000000020b10000)]
  0x000000001b4a5800 JavaThread "Stdin handler" [_thread_blocked, id=10564, stack(0x0000000016b50000,0x0000000016c50000)]
  0x000000001b4a7000 JavaThread "Asynchronous log dispatcher for DefaultDaemonConnection: socket connection from /127.0.0.1:63262 to /127.0.0.1:63476" [_thread_blocked, id=4512, stack(0x000000001ec00000,0x000000001ed00000)]
  0x000000001b4a9800 JavaThread "Daemon worker Thread 6" [_thread_blocked, id=8200, stack(0x000000001da50000,0x000000001db50000)]
  0x000000001b4a8800 JavaThread "Cancel handler" [_thread_blocked, id=14684, stack(0x00000000198f0000,0x00000000199f0000)]
  0x000000001b4a6800 JavaThread "Handler for socket connection from /127.0.0.1:63262 to /127.0.0.1:63476" [_thread_in_native, id=13228, stack(0x0000000019a00000,0x0000000019b00000)]
  0x000000001b4aa000 JavaThread "Daemon Thread 6" [_thread_blocked, id=6072, stack(0x0000000019330000,0x0000000019430000)]
  0x000000001ba06000 JavaThread "pool-10-thread-8" [_thread_blocked, id=11868, stack(0x0000000025e30000,0x0000000025f30000)]
  0x000000001ba05000 JavaThread "pool-10-thread-7" [_thread_blocked, id=12544, stack(0x0000000025b90000,0x0000000025c90000)]
  0x000000001ba04800 JavaThread "pool-10-thread-6" [_thread_blocked, id=9072, stack(0x00000000259c0000,0x0000000025ac0000)]
  0x000000001ba03800 JavaThread "pool-10-thread-5" [_thread_blocked, id=15164, stack(0x0000000024f60000,0x0000000025060000)]
  0x000000001ba03000 JavaThread "pool-10-thread-4" [_thread_blocked, id=12316, stack(0x0000000025810000,0x0000000025910000)]
  0x000000001a305800 JavaThread "pool-10-thread-3" [_thread_blocked, id=5712, stack(0x00000000256a0000,0x00000000257a0000)]
  0x000000001a304800 JavaThread "pool-10-thread-2" [_thread_blocked, id=13960, stack(0x00000000254b0000,0x00000000255b0000)]
  0x000000001a306000 JavaThread "pool-10-thread-1" [_thread_blocked, id=14520, stack(0x00000000250c0000,0x00000000251c0000)]
  0x000000001a302800 JavaThread "Cache worker for file content cache (C:\Users\nirme\.gradle\caches\5.4.1\fileContent)" [_thread_blocked, id=16368, stack(0x0000000020c90000,0x0000000020d90000)]
  0x000000001a301800 JavaThread "Memory manager" [_thread_blocked, id=15944, stack(0x0000000023530000,0x0000000023630000)]
  0x0000000019dc7800 JavaThread "Cache worker for execution history cache (C:\Users\nirme\.gradle\caches\5.4.1\executionHistory)" [_thread_blocked, id=11652, stack(0x00000000202d0000,0x00000000203d0000)]
  0x0000000019dc1000 JavaThread "Cache worker for journal cache (C:\Users\nirme\.gradle\caches\journal-1)" [_thread_blocked, id=16772, stack(0x00000000194f0000,0x00000000195f0000)]
  0x0000000019dc0000 JavaThread "File lock request listener" [_thread_in_native, id=15648, stack(0x000000001af90000,0x000000001b090000)]
  0x0000000019dbf800 JavaThread "Cache worker for file hash cache (C:\Users\nirme\.gradle\caches\5.4.1\fileHashes)" [_thread_blocked, id=11024, stack(0x000000001adb0000,0x000000001aeb0000)]
  0x00000000183e5800 JavaThread "Daemon periodic checks" [_thread_blocked, id=12820, stack(0x00000000191b0000,0x00000000192b0000)]
  0x00000000183de000 JavaThread "Incoming local TCP Connector on port 63262" [_thread_in_native, id=15852, stack(0x0000000018fd0000,0x00000000190d0000)]
  0x000000001850f800 JavaThread "Daemon health stats" [_thread_blocked, id=11668, stack(0x0000000018c20000,0x0000000018d20000)]
  0x000000001540d800 JavaThread "Service Thread" daemon [_thread_blocked, id=14696, stack(0x00000000171a0000,0x00000000172a0000)]
  0x00000000153ab800 JavaThread "C1 CompilerThread3" daemon [_thread_in_native, id=15548, stack(0x0000000016f70000,0x0000000017070000)]
  0x000000001538b000 JavaThread "C2 CompilerThread2" daemon [_thread_blocked, id=16096, stack(0x0000000016df0000,0x0000000016ef0000)]
  0x000000001537c000 JavaThread "C2 CompilerThread1" daemon [_thread_in_native, id=14872, stack(0x0000000016cc0000,0x0000000016dc0000)]
  0x000000001536f800 JavaThread "C2 CompilerThread0" daemon [_thread_blocked, id=7832, stack(0x0000000016950000,0x0000000016a50000)]
  0x000000001536e000 JavaThread "Attach Listener" daemon [_thread_blocked, id=14308, stack(0x0000000016a50000,0x0000000016b50000)]
  0x000000001536b000 JavaThread "Signal Dispatcher" daemon [_thread_blocked, id=11384, stack(0x00000000167c0000,0x00000000168c0000)]
  0x00000000142bd000 JavaThread "Finalizer" daemon [_thread_blocked, id=11400, stack(0x00000000165a0000,0x00000000166a0000)]
  0x00000000142b5800 JavaThread "Reference Handler" daemon [_thread_blocked, id=17356, stack(0x0000000016270000,0x0000000016370000)]
  0x0000000001c1f000 JavaThread "main" [_thread_blocked, id=4420, stack(0x0000000002240000,0x0000000002340000)]

Other Threads:
  0x0000000015321800 VMThread [stack: 0x0000000016450000,0x0000000016550000] [id=12396]
  0x000000001540f000 WatcherThread [stack: 0x00000000172b0000,0x00000000173b0000] [id=12348]

VM state:not at safepoint (normal execution)

VM Mutex/Monitor currently owned by a thread: None

heap address: 0x00000000e0000000, size: 512 MB, Compressed Oops mode: 32-bit
Narrow klass base: 0x0000000000000000, Narrow klass shift: 0
Compressed class space size: 1073741824 Address: 0x000000007fff0000

Heap:
 PSYoungGen      total 141312K, used 82779K [0x00000000f5580000, 0x00000000ff900000, 0x0000000100000000)
  eden space 117248K, 54% used [0x00000000f5580000,0x00000000f9403fa8,0x00000000fc800000)
  from space 24064K, 77% used [0x00000000fe180000,0x00000000ff3d2f48,0x00000000ff900000)
  to   space 25088K, 0% used [0x00000000fc800000,0x00000000fc800000,0x00000000fe080000)
 ParOldGen       total 254976K, used 35299K [0x00000000e0000000, 0x00000000ef900000, 0x00000000f5580000)
  object space 254976K, 13% used [0x00000000e0000000,0x00000000e2278f20,0x00000000ef900000)
 Metaspace       used 82530K, capacity 87828K, committed 88024K, reserved 1126400K
  class space    used 11015K, capacity 11995K, committed 12032K, reserved 1048576K

Card table byte_map: [0x00000000119d0000,0x0000000011ae0000] byte_map_base: 0x00000000112d0000

Marking Bits: (ParMarkBitMap*) 0x0000000057759f30
 Begin Bits: [0x00000000128d0000, 0x00000000130d0000)
 End Bits:   [0x00000000130d0000, 0x00000000138d0000)

Polling page: 0x0000000000260000

CodeCache: size=245760Kb used=38938Kb max_used=39095Kb free=206821Kb
 bounds [0x0000000002610000, 0x0000000004c70000, 0x0000000011610000]
 total_blobs=12920 nmethods=12072 adapters=760
 compilation: enabled

Compilation events (10 events):
Event: 1017.692 Thread 0x000000001536f800 nmethod 14882 0x00000000029ce150 code [0x00000000029ce2a0, 0x00000000029ce338]
Event: 1017.693 Thread 0x000000001536f800 14888       4       com.android.tools.r8.ir.code.f::next (5 bytes)
Event: 1017.693 Thread 0x000000001538b000 nmethod 14844 0x0000000004c61a10 code [0x0000000004c61cc0, 0x0000000004c62820]
Event: 1017.694 Thread 0x000000001538b000 14891       4       java.util.LinkedList::remove (77 bytes)
Event: 1017.694 Thread 0x000000001536f800 nmethod 14888 0x00000000036e6e90 code [0x00000000036e6fe0, 0x00000000036e7178]
Event: 1017.695 Thread 0x000000001536f800 14903       4       java.lang.StringBuilder::<init> (18 bytes)
Event: 1017.696 Thread 0x000000001538b000 nmethod 14891 0x0000000002e72a10 code [0x0000000002e72b60, 0x0000000002e72d18]
Event: 1017.698 Thread 0x000000001538b000 14906       4       com.android.tools.r8.n.a.a.a.g.o0::d (44 bytes)
Event: 1017.700 Thread 0x000000001538b000 nmethod 14906 0x0000000004c61710 code [0x0000000004c61840, 0x0000000004c61918]
Event: 1017.700 Thread 0x000000001536f800 nmethod 14903 0x0000000003a1e110 code [0x0000000003a1e260, 0x0000000003a1e758]

GC Heap History (10 events):
Event: 435.607 GC heap before
{Heap before GC invocations=17 (full 3):
 PSYoungGen      total 140288K, used 139892K [0x00000000f5580000, 0x00000000ff780000, 0x0000000100000000)
  eden space 128000K, 100% used [0x00000000f5580000,0x00000000fd280000,0x00000000fd280000)
  from space 12288K, 96% used [0x00000000fd480000,0x00000000fe01d050,0x00000000fe080000)
  to   space 18944K, 0% used [0x00000000fe500000,0x00000000fe500000,0x00000000ff780000)
 ParOldGen       total 254976K, used 35236K [0x00000000e0000000, 0x00000000ef900000, 0x00000000f5580000)
  object space 254976K, 13% used [0x00000000e0000000,0x00000000e2269170,0x00000000ef900000)
 Metaspace       used 70741K, capacity 74428K, committed 74584K, reserved 1114112K
  class space    used 9327K, capacity 9998K, committed 10112K, reserved 1048576K
Event: 435.625 GC heap after
Heap after GC invocations=17 (full 3):
 PSYoungGen      total 144896K, used 16807K [0x00000000f5580000, 0x00000000ff780000, 0x0000000100000000)
  eden space 125952K, 0% used [0x00000000f5580000,0x00000000f5580000,0x00000000fd080000)
  from space 18944K, 88% used [0x00000000fe500000,0x00000000ff569c20,0x00000000ff780000)
  to   space 19968K, 0% used [0x00000000fd080000,0x00000000fd080000,0x00000000fe400000)
 ParOldGen       total 254976K, used 35244K [0x00000000e0000000, 0x00000000ef900000, 0x00000000f5580000)
  object space 254976K, 13% used [0x00000000e0000000,0x00000000e226b170,0x00000000ef900000)
 Metaspace       used 70741K, capacity 74428K, committed 74584K, reserved 1114112K
  class space    used 9327K, capacity 9998K, committed 10112K, reserved 1048576K
}
Event: 849.726 GC heap before
{Heap before GC invocations=18 (full 3):
 PSYoungGen      total 144896K, used 142759K [0x00000000f5580000, 0x00000000ff780000, 0x0000000100000000)
  eden space 125952K, 100% used [0x00000000f5580000,0x00000000fd080000,0x00000000fd080000)
  from space 18944K, 88% used [0x00000000fe500000,0x00000000ff569c20,0x00000000ff780000)
  to   space 19968K, 0% used [0x00000000fd080000,0x00000000fd080000,0x00000000fe400000)
 ParOldGen       total 254976K, used 35244K [0x00000000e0000000, 0x00000000ef900000, 0x00000000f5580000)
  object space 254976K, 13% used [0x00000000e0000000,0x00000000e226b170,0x00000000ef900000)
 Metaspace       used 72510K, capacity 76492K, committed 76632K, reserved 1116160K
  class space    used 9553K, capacity 10273K, committed 10368K, reserved 1048576K
Event: 849.736 GC heap after
Heap after GC invocations=18 (full 3):
 PSYoungGen      total 142336K, used 18064K [0x00000000f5580000, 0x00000000ff880000, 0x0000000100000000)
  eden space 123904K, 0% used [0x00000000f5580000,0x00000000f5580000,0x00000000fce80000)
  from space 18432K, 98% used [0x00000000fd080000,0x00000000fe224398,0x00000000fe280000)
  to   space 21504K, 0% used [0x00000000fe380000,0x00000000fe380000,0x00000000ff880000)
 ParOldGen       total 254976K, used 35252K [0x00000000e0000000, 0x00000000ef900000, 0x00000000f5580000)
  object space 254976K, 13% used [0x00000000e0000000,0x00000000e226d170,0x00000000ef900000)
 Metaspace       used 72510K, capacity 76492K, committed 76632K, reserved 1116160K
  class space    used 9553K, capacity 10273K, committed 10368K, reserved 1048576K
}
Event: 926.094 GC heap before
{Heap before GC invocations=19 (full 3):
 PSYoungGen      total 142336K, used 141968K [0x00000000f5580000, 0x00000000ff880000, 0x0000000100000000)
  eden space 123904K, 100% used [0x00000000f5580000,0x00000000fce80000,0x00000000fce80000)
  from space 18432K, 98% used [0x00000000fd080000,0x00000000fe224398,0x00000000fe280000)
  to   space 21504K, 0% used [0x00000000fe380000,0x00000000fe380000,0x00000000ff880000)
 ParOldGen       total 254976K, used 35252K [0x00000000e0000000, 0x00000000ef900000, 0x00000000f5580000)
  object space 254976K, 13% used [0x00000000e0000000,0x00000000e226d170,0x00000000ef900000)
 Metaspace       used 75326K, capacity 79680K, committed 79960K, reserved 1118208K
  class space    used 9970K, capacity 10783K, committed 10880K, reserved 1048576K
Event: 926.121 GC heap after
Heap after GC invocations=19 (full 3):
 PSYoungGen      total 142848K, used 21496K [0x00000000f5580000, 0x00000000ffb80000, 0x0000000100000000)
  eden space 121344K, 0% used [0x00000000f5580000,0x00000000f5580000,0x00000000fcc00000)
  from space 21504K, 99% used [0x00000000fe380000,0x00000000ff87e248,0x00000000ff880000)
  to   space 24064K, 0% used [0x00000000fcc00000,0x00000000fcc00000,0x00000000fe380000)
 ParOldGen       total 254976K, used 35283K [0x00000000e0000000, 0x00000000ef900000, 0x00000000f5580000)
  object space 254976K, 13% used [0x00000000e0000000,0x00000000e2274f20,0x00000000ef900000)
 Metaspace       used 75326K, capacity 79680K, committed 79960K, reserved 1118208K
  class space    used 9970K, capacity 10783K, committed 10880K, reserved 1048576K
}
Event: 936.491 GC heap before
{Heap before GC invocations=20 (full 3):
 PSYoungGen      total 142848K, used 142840K [0x00000000f5580000, 0x00000000ffb80000, 0x0000000100000000)
  eden space 121344K, 100% used [0x00000000f5580000,0x00000000fcc00000,0x00000000fcc00000)
  from space 21504K, 99% used [0x00000000fe380000,0x00000000ff87e248,0x00000000ff880000)
  to   space 24064K, 0% used [0x00000000fcc00000,0x00000000fcc00000,0x00000000fe380000)
 ParOldGen       total 254976K, used 35283K [0x00000000e0000000, 0x00000000ef900000, 0x00000000f5580000)
  object space 254976K, 13% used [0x00000000e0000000,0x00000000e2274f20,0x00000000ef900000)
 Metaspace       used 75533K, capacity 79962K, committed 80216K, reserved 1118208K
  class space    used 9979K, capacity 10798K, committed 10880K, reserved 1048576K
Event: 936.509 GC heap after
Heap after GC invocations=20 (full 3):
 PSYoungGen      total 136192K, used 16612K [0x00000000f5580000, 0x00000000ff900000, 0x0000000100000000)
  eden space 119296K, 0% used [0x00000000f5580000,0x00000000f5580000,0x00000000fca00000)
  from space 16896K, 98% used [0x00000000fcc00000,0x00000000fdc390b0,0x00000000fdc80000)
  to   space 24064K, 0% used [0x00000000fe180000,0x00000000fe180000,0x00000000ff900000)
 ParOldGen       total 254976K, used 35291K [0x00000000e0000000, 0x00000000ef900000, 0x00000000f5580000)
  object space 254976K, 13% used [0x00000000e0000000,0x00000000e2276f20,0x00000000ef900000)
 Metaspace       used 75533K, capacity 79962K, committed 80216K, reserved 1118208K
  class space    used 9979K, capacity 10798K, committed 10880K, reserved 1048576K
}
Event: 1016.986 GC heap before
{Heap before GC invocations=21 (full 3):
 PSYoungGen      total 136192K, used 135908K [0x00000000f5580000, 0x00000000ff900000, 0x0000000100000000)
  eden space 119296K, 100% used [0x00000000f5580000,0x00000000fca00000,0x00000000fca00000)
  from space 16896K, 98% used [0x00000000fcc00000,0x00000000fdc390b0,0x00000000fdc80000)
  to   space 24064K, 0% used [0x00000000fe180000,0x00000000fe180000,0x00000000ff900000)
 ParOldGen       total 254976K, used 35291K [0x00000000e0000000, 0x00000000ef900000, 0x00000000f5580000)
  object space 254976K, 13% used [0x00000000e0000000,0x00000000e2276f20,0x00000000ef900000)
 Metaspace       used 77471K, capacity 82100K, committed 82264K, reserved 1120256K
  class space    used 10201K, capacity 11087K, committed 11136K, reserved 1048576K
Event: 1016.996 GC heap after
Heap after GC invocations=21 (full 3):
 PSYoungGen      total 141312K, used 18763K [0x00000000f5580000, 0x00000000ff900000, 0x0000000100000000)
  eden space 117248K, 0% used [0x00000000f5580000,0x00000000f5580000,0x00000000fc800000)
  from space 24064K, 77% used [0x00000000fe180000,0x00000000ff3d2f48,0x00000000ff900000)
  to   space 25088K, 0% used [0x00000000fc800000,0x00000000fc800000,0x00000000fe080000)
 ParOldGen       total 254976K, used 35299K [0x00000000e0000000, 0x00000000ef900000, 0x00000000f5580000)
  object space 254976K, 13% used [0x00000000e0000000,0x00000000e2278f20,0x00000000ef900000)
 Metaspace       used 77471K, capacity 82100K, committed 82264K, reserved 1120256K
  class space    used 10201K, capacity 11087K, committed 11136K, reserved 1048576K
}

Deoptimization events (10 events):
Event: 1017.693 Thread 0x000000001fa62800 Uncommon trap: reason=unstable_if action=reinterpret pc=0x0000000004a38594 method=java.util.LinkedList$ListItr.remove()V @ 47
Event: 1017.694 Thread 0x000000001fa63000 Uncommon trap: reason=unstable_if action=reinterpret pc=0x0000000004a38594 method=java.util.LinkedList$ListItr.remove()V @ 47
Event: 1017.698 Thread 0x000000001fa63000 Uncommon trap: reason=class_check action=maybe_recompile pc=0x00000000041ed924 method=java.util.stream.StreamOpFlag.fromCharacteristics(Ljava/util/Spliterator;)I @ 14
Event: 1017.698 Thread 0x00000000185d1000 Uncommon trap: reason=class_check action=maybe_recompile pc=0x00000000041ed924 method=java.util.stream.StreamOpFlag.fromCharacteristics(Ljava/util/Spliterator;)I @ 14
Event: 1017.698 Thread 0x000000001fa62800 Uncommon trap: reason=class_check action=maybe_recompile pc=0x00000000041ed924 method=java.util.stream.StreamOpFlag.fromCharacteristics(Ljava/util/Spliterator;)I @ 14
Event: 1017.700 Thread 0x00000000185d0800 Uncommon trap: reason=class_check action=maybe_recompile pc=0x0000000002b2f528 method=java.util.stream.StreamOpFlag.fromCharacteristics(Ljava/util/Spliterator;)I @ 14
Event: 1017.701 Thread 0x000000001fa62800 Uncommon trap: reason=bimorphic action=maybe_recompile pc=0x0000000004014764 method=java.util.stream.Sink$ChainedReference.cancellationRequested()Z @ 4
Event: 1017.701 Thread 0x000000001fa63000 Uncommon trap: reason=bimorphic action=maybe_recompile pc=0x0000000004014764 method=java.util.stream.Sink$ChainedReference.cancellationRequested()Z @ 4
Event: 1017.701 Thread 0x00000000185d1000 Uncommon trap: reason=bimorphic action=maybe_recompile pc=0x0000000004014764 method=java.util.stream.Sink$ChainedReference.cancellationRequested()Z @ 4
Event: 1017.701 Thread 0x00000000185d0800 Uncommon trap: reason=bimorphic action=maybe_recompile pc=0x0000000004014764 method=java.util.stream.Sink$ChainedReference.cancellationRequested()Z @ 4

Classes redefined (0 events):
No events

Internal exceptions (10 events):
Event: 1017.264 Thread 0x00000000185ce000 Exception <a 'java/lang/NoSuchMethodError': <clinit>> (0x00000000f6b5eac8) thrown at [D:\src\AOSP-openjdk-cygwin\jdk8u\hotspot\src\share\vm\prims\jni.cpp, line 1614]
Event: 1017.276 Thread 0x00000000185d1000 Exception <a 'java/lang/NoSuchMethodError': java.lang.Object.lambda$static$0(Ljava/lang/String;)Z> (0x00000000f731af20) thrown at [D:\src\AOSP-openjdk-cygwin\jdk8u\hotspot\src\share\vm\interpreter\linkResolver.cpp, line 620]
Event: 1017.342 Thread 0x000000001fa62800 Exception <a 'sun/nio/fs/WindowsException'> (0x00000000f78b4ae0) thrown at [D:\src\AOSP-openjdk-cygwin\jdk8u\hotspot\src\share\vm\prims\jni.cpp, line 710]
Event: 1017.347 Thread 0x000000001fa63000 Exception <a 'sun/nio/fs/WindowsException'> (0x00000000f7973c58) thrown at [D:\src\AOSP-openjdk-cygwin\jdk8u\hotspot\src\share\vm\prims\jni.cpp, line 710]
Event: 1017.348 Thread 0x00000000185d0800 Exception <a 'sun/nio/fs/WindowsException'> (0x00000000f7978b88) thrown at [D:\src\AOSP-openjdk-cygwin\jdk8u\hotspot\src\share\vm\prims\jni.cpp, line 710]
Event: 1017.355 Thread 0x00000000185d1000 Exception <a 'sun/nio/fs/WindowsException'> (0x00000000f79f7ee8) thrown at [D:\src\AOSP-openjdk-cygwin\jdk8u\hotspot\src\share\vm\prims\jni.cpp, line 710]
Event: 1017.643 Thread 0x000000001fa62800 Exception <a 'java/lang/NoSuchMethodError': java.lang.Object.lambda$maxBy$1(Ljava/util/Comparator;Ljava/lang/Object;Ljava/lang/Object;)Ljava/lang/Object;> (0x00000000f8e07088) thrown at [D:\src\AOSP-openjdk-cygwin\jdk8u\hotspot\src\share\vm\interpreter\li
Event: 1017.643 Thread 0x00000000185d1000 Exception <a 'java/lang/NoSuchMethodError': java.lang.Object.lambda$maxBy$1(Ljava/util/Comparator;Ljava/lang/Object;Ljava/lang/Object;)Ljava/lang/Object;> (0x00000000f8dffe58) thrown at [D:\src\AOSP-openjdk-cygwin\jdk8u\hotspot\src\share\vm\interpreter\li
Event: 1017.643 Thread 0x00000000185d0800 Exception <a 'java/lang/NoSuchMethodError': java.lang.Object.lambda$maxBy$1(Ljava/util/Comparator;Ljava/lang/Object;Ljava/lang/Object;)Ljava/lang/Object;> (0x00000000f8dcaf38) thrown at [D:\src\AOSP-openjdk-cygwin\jdk8u\hotspot\src\share\vm\interpreter\li
Event: 1017.643 Thread 0x000000001fa63000 Exception <a 'java/lang/NoSuchMethodError': java.lang.Object.lambda$maxBy$1(Ljava/util/Comparator;Ljava/lang/Object;Ljava/lang/Object;)Ljava/lang/Object;> (0x00000000f8e16e40) thrown at [D:\src\AOSP-openjdk-cygwin\jdk8u\hotspot\src\share\vm\interpreter\li

Events (10 events):
Event: 1017.702 loading class com/android/tools/r8/ir/optimize/CodeRewriter
Event: 1017.702 loading class com/android/tools/r8/ir/optimize/CodeRewriter done
Event: 1017.702 loading class com/android/tools/r8/ir/optimize/CodeRewriter
Event: 1017.702 loading class com/android/tools/r8/ir/optimize/CodeRewriter done
Event: 1017.702 loading class com/android/tools/r8/ir/optimize/CodeRewriter
Event: 1017.702 loading class com/android/tools/r8/ir/optimize/CodeRewriter done
Event: 1017.702 loading class com/android/tools/r8/ir/regalloc/a
Event: 1017.702 loading class com/android/tools/r8/ir/regalloc/a done
Event: 1017.703 loading class com/android/tools/r8/ir/regalloc/a$a
Event: 1017.703 loading class com/android/tools/r8/ir/regalloc/a$a done


Dynamic libraries:
0x000000013fa00000 - 0x000000013fa31000 	C:\Program Files\Android\Android Studio\jre\bin\java.exe
0x0000000076d50000 - 0x0000000076eef000 	C:\Windows\SYSTEM32\ntdll.dll
0x000007fee06b0000 - 0x000007fee06c4000 	C:\Program Files\AVAST Software\Avast\aswhook.dll
0x0000000076b30000 - 0x0000000076c4f000 	C:\Windows\system32\kernel32.dll
0x000007fefcb80000 - 0x000007fefcbea000 	C:\Windows\system32\KERNELBASE.dll
0x000007fefd9f0000 - 0x000007fefdacb000 	C:\Windows\system32\ADVAPI32.dll
0x000007fefe680000 - 0x000007fefe71f000 	C:\Windows\system32\msvcrt.dll
0x000007fefe9c0000 - 0x000007fefe9df000 	C:\Windows\SYSTEM32\sechost.dll
0x000007fefe500000 - 0x000007fefe62c000 	C:\Windows\system32\RPCRT4.dll
0x0000000076c50000 - 0x0000000076d4a000 	C:\Windows\system32\USER32.dll
0x000007fefe170000 - 0x000007fefe1d7000 	C:\Windows\system32\GDI32.dll
0x000007fefe370000 - 0x000007fefe37e000 	C:\Windows\system32\LPK.dll
0x000007fefe420000 - 0x000007fefe4eb000 	C:\Windows\system32\USP10.dll
0x000007fefaa20000 - 0x000007fefac14000 	C:\Windows\WinSxS\amd64_microsoft.windows.common-controls_6595b64144ccf1df_6.0.7601.18837_none_fa3b1e3d17594757\COMCTL32.dll
0x000007fefe940000 - 0x000007fefe9b1000 	C:\Windows\system32\SHLWAPI.dll
0x000007fefe0c0000 - 0x000007fefe0ee000 	C:\Windows\system32\IMM32.DLL
0x000007fefee90000 - 0x000007fefef99000 	C:\Windows\system32\MSCTF.dll
0x0000000059970000 - 0x0000000059a42000 	C:\Program Files\Android\Android Studio\jre\jre\bin\msvcr100.dll
0x0000000056f90000 - 0x00000000577d6000 	C:\Program Files\Android\Android Studio\jre\jre\bin\server\jvm.dll
0x000007fef9730000 - 0x000007fef9739000 	C:\Windows\system32\WSOCK32.dll
0x000007fefe630000 - 0x000007fefe67d000 	C:\Windows\system32\WS2_32.dll
0x000007fefe4f0000 - 0x000007fefe4f8000 	C:\Windows\system32\NSI.dll
0x000007fee6fb0000 - 0x000007fee6feb000 	C:\Windows\system32\WINMM.dll
0x000007fefbb00000 - 0x000007fefbb0c000 	C:\Windows\system32\VERSION.dll
0x0000000076f00000 - 0x0000000076f07000 	C:\Windows\system32\PSAPI.DLL
0x000007fefb2c0000 - 0x000007fefb2cf000 	C:\Program Files\Android\Android Studio\jre\jre\bin\verify.dll
0x000007fef5c20000 - 0x000007fef5c49000 	C:\Program Files\Android\Android Studio\jre\jre\bin\java.dll
0x000007fef5c00000 - 0x000007fef5c16000 	C:\Program Files\Android\Android Studio\jre\jre\bin\zip.dll
0x000007fefcc60000 - 0x000007fefd9ea000 	C:\Windows\system32\SHELL32.dll
0x000007fefe740000 - 0x000007fefe93f000 	C:\Windows\system32\ole32.dll
0x000007fefc8b0000 - 0x000007fefc8bf000 	C:\Windows\system32\profapi.dll
0x000007feef550000 - 0x000007feef56a000 	C:\Program Files\Android\Android Studio\jre\jre\bin\net.dll
0x000007fefbff0000 - 0x000007fefc045000 	C:\Windows\system32\mswsock.dll
0x000007fefc340000 - 0x000007fefc347000 	C:\Windows\System32\wship6.dll
0x000007feef240000 - 0x000007feef251000 	C:\Program Files\Android\Android Studio\jre\jre\bin\nio.dll
0x000007fedf490000 - 0x000007fedf4b6000 	C:\Users\nirme\.gradle\native\29\windows-amd64\native-platform.dll
0x000007fefbaf0000 - 0x000007fefbaf3000 	C:\Windows\system32\api-ms-win-core-synch-l1-2-0.DLL
0x000007feef680000 - 0x000007feef68d000 	C:\Program Files\Android\Android Studio\jre\jre\bin\management.dll
0x000007fefc1a0000 - 0x000007fefc1b8000 	C:\Windows\system32\CRYPTSP.dll
0x000007fefbd40000 - 0x000007fefbd87000 	C:\Windows\system32\rsaenh.dll
0x000007fefcab0000 - 0x000007fefcace000 	C:\Windows\system32\USERENV.dll
0x000007fefc740000 - 0x000007fefc74f000 	C:\Windows\system32\CRYPTBASE.dll
0x000007fef98f0000 - 0x000007fef9917000 	C:\Windows\system32\IPHLPAPI.DLL
0x000007fef98e0000 - 0x000007fef98eb000 	C:\Windows\system32\WINNSI.DLL
0x000007fef9770000 - 0x000007fef9781000 	C:\Windows\system32\dhcpcsvc6.DLL
0x000007fef9750000 - 0x000007fef9768000 	C:\Windows\system32\dhcpcsvc.DLL
0x000007fefc6e0000 - 0x000007fefc737000 	C:\Windows\system32\apphelp.dll

VM Arguments:
jvm_args: -XX:MaxMetaspaceSize=256m -XX:+HeapDumpOnOutOfMemoryError -Xms256m -Xmx512m -Dfile.encoding=windows-1252 -Duser.country=GB -Duser.language=en -Duser.variant 
java_command: org.gradle.launcher.daemon.bootstrap.GradleDaemon 5.4.1
java_class_path (initial): C:\Users\nirme\.gradle\wrapper\dists\gradle-5.4.1-all\3221gyojl5jsh0helicew7rwx\gradle-5.4.1\lib\gradle-launcher-5.4.1.jar
Launcher Type: SUN_STANDARD

Environment Variables:
PATH=C:\Program Files (x86)\Common Files\Oracle\Java\javapath;C:\ProgramData\Oracle\Java\javapath;C:\Program Files (x86)\Common Files\Microsoft Shared\Windows Live;C:\Program Files (x86)\Intel\iCLS Client\;C:\Program Files\Intel\iCLS Client\;C:\Windows\system32;C:\Windows;C:\Windows\System32\Wbem;C:\Windows\System32\WindowsPowerShell\v1.0\;C:\Program Files\Intel\Intel(R) Management Engine Components\DAL;C:\Program Files (x86)\Intel\Intel(R) Management Engine Components\DAL;C:\Program Files\Intel\Intel(R) Management Engine Components\IPT;C:\Program Files (x86)\Intel\Intel(R) Management Engine Components\IPT;C:\Program Files (x86)\GtkSharp\2.12\bin;C:\Users\nirme\.dnx\bin;C:\Program Files\Microsoft DNX\Dnvm\;C:\Program Files\Git\cmd;C:\Program Files\NVIDIA Corporation\NVIDIA NvDLISR;C:\Program Files\dotnet\;C:\Program Files\Microsoft SQL Server\130\Tools\Binn\;C:\Program Files (x86)\NVIDIA Corporation\PhysX\Common;C:\Program Files\Common Files\Microsoft Shared\Windows Live;C:\Users\nirme\AppData\Roaming\Dashlane\4.6.6.23032\bin\Firefox_Extension\{442718d9-475e-452a-b3e1-fb1ee16b8e9f}\components;C:\Users\nirme\AppData\Local\GitHubDesktop\bin
USERNAME=nirme
OS=Windows_NT
PROCESSOR_IDENTIFIER=Intel64 Family 6 Model 60 Stepping 3, GenuineIntel



---------------  S Y S T E M  ---------------

OS: Windows 7 , 64 bit Build 7601 (6.1.7601.24384)

CPU:total 8 (initial active 8) (4 cores per cpu, 2 threads per core) family 6 model 60 stepping 3, cmov, cx8, fxsr, mmx, sse, sse2, sse3, ssse3, sse4.1, sse4.2, popcnt, avx, avx2, aes, clmul, erms, lzcnt, ht, tsc, tscinvbit, bmi1, bmi2

Memory: 4k page, physical 16721380k(686740k free), swap 18816628k(4696k free)

vm_info: OpenJDK 64-Bit Server VM (25.202-b03) for windows-amd64 JRE (1.8.0_202-release-1483-b03), built by "builder" with MS VC++ 10.0 (VS2010)

time: Thu Oct 17 01:06:21 2019
timezone: Central European Daylight Time
elapsed time: 1017 seconds (0d 0h 16m 57s)

